<?xml version="1.0" encoding="UTF-8"?>
<!-- Generated by org.testng.reporters.JUnitReportReporter -->
<testsuite hostname="DESKTOP-C7NQ473" failures="0" tests="1" name="tests.LoginTest" time="27.652" errors="0" timestamp="2025-10-04T12:58:42 IST" skipped="0">
  <testcase classname="tests.LoginTest" name="makeLogin" time="27.652"/>
</testsuite> <!-- tests.LoginTest -->
