<?xml version="1.0" encoding="UTF-8"?>
<!-- Generated by org.testng.reporters.JUnitReportReporter -->
<testsuite hostname="DESKTOP-C7NQ473" failures="0" tests="2" name="tests.SearchTrainTest" time="51.395" errors="0" timestamp="2025-10-04T20:30:09 IST" skipped="0">
  <testcase classname="tests.SearchTrainTest" name="searchYourTrain" time="24.668"/>
  <testcase classname="tests.SearchTrainTest" name="searchYourTrain" time="26.727"/>
</testsuite> <!-- tests.SearchTrainTest -->
