<?xml version="1.0" encoding="UTF-8"?>
<!-- Generated by org.testng.reporters.JUnitReportReporter -->
<testsuite hostname="DESKTOP-C7NQ473" failures="0" tests="1" name="tests.BookingTest" time="11.906" errors="0" timestamp="2025-10-04T17:48:12 IST" skipped="0">
  <testcase classname="tests.BookingTest" name="initiateBooking" time="11.906"/>
</testsuite> <!-- tests.BookingTest -->
