<?xml version="1.0" encoding="UTF-8"?>
<!-- Generated by org.testng.reporters.JUnitReportReporter -->
<testsuite hostname="DESKTOP-C7NQ473" failures="0" tests="1" name="tests.HomeTest" time="15.331" errors="0" timestamp="2025-10-04T17:46:48 IST" skipped="0">
  <testcase classname="tests.HomeTest" name="validateHomeFunctionality" time="15.331"/>
</testsuite> <!-- tests.HomeTest -->
